<?xml version="1.0" encoding="UTF-8"?>
<testng-results ignored="0" total="1" passed="1" failed="0" skipped="0">
  <reporter-output>
  </reporter-output>
  <suite started-at="2018-08-12T15:17:54Z" name="Default suite" finished-at="2018-08-12T15:18:04Z" duration-ms="9604">
    <groups>
    </groups>
    <test started-at="2018-08-12T15:17:54Z" name="Default test" finished-at="2018-08-12T15:18:04Z" duration-ms="9604">
      <class name="smoke_test.TestNG_Test">
        <test-method is-config="true" signature="beforeTest()[pri:0, instance:smoke_test.TestNG_Test@485966cc]" started-at="2018-08-12T15:17:54Z" name="beforeTest" finished-at="2018-08-12T15:18:01Z" duration-ms="6262" status="PASS">
          <reporter-output>
          </reporter-output>
        </test-method> <!-- beforeTest -->
        <test-method signature="f()[pri:0, instance:smoke_test.TestNG_Test@485966cc]" started-at="2018-08-12T15:18:01Z" name="f" finished-at="2018-08-12T15:18:03Z" duration-ms="2395" status="PASS">
          <reporter-output>
          </reporter-output>
        </test-method> <!-- f -->
        <test-method is-config="true" signature="afterTest()[pri:0, instance:smoke_test.TestNG_Test@485966cc]" started-at="2018-08-12T15:18:03Z" name="afterTest" finished-at="2018-08-12T15:18:04Z" duration-ms="918" status="PASS">
          <reporter-output>
          </reporter-output>
        </test-method> <!-- afterTest -->
      </class> <!-- smoke_test.TestNG_Test -->
    </test> <!-- Default test -->
  </suite> <!-- Default suite -->
</testng-results>
